NOTES:
### Connecting to Kafka from inside Kubernetes

You can connect to Kafka by running a simple pod in the K8s cluster like this with a configuration like this:

  apiVersion: v1
  kind: Pod
  metadata:
    name: testclient
    namespace: kafka
  spec:
    containers:
    - name: kafka
      image: confluentinc/cp-kafka:5.0.1
      command:
        - sh
        - -c
        - "exec tail -f /dev/null"

Once you have the testclient pod above running, you can list all kafka
topics with:

  kubectl -n kafka exec testclient -- ./bin/kafka-topics.sh --zookeeper my-kafka-zookeeper:2181 --list

To create a new topic:

  kubectl -n kafka exec testclient -- ./bin/kafka-topics.sh --zookeeper my-kafka-zookeeper:2181 --topic test1 --create --partitions 1 --replication-factor 1

To listen for messages on a topic:

  kubectl -n kafka exec -ti testclient -- ./bin/kafka-console-consumer.sh --bootstrap-server my-kafka:9092 --topic test1 --from-beginning

To stop the listener session above press: Ctrl+C

To start an interactive message producer session:
  kubectl -n kafka exec -ti testclient -- ./bin/kafka-console-producer.sh --broker-list my-kafka-headless:9092 --topic test1

To create a message in the above session, simply type the message and press "enter"
To end the producer session try: Ctrl+C

If you specify "zookeeper.connect" in configurationOverrides, please replace "my-kafka-zookeeper:2181" with the value of "zookeeper.connect", or you will get error.


### Connecting to Kafka from outside Kubernetes

You have enabled the external access feature of this chart.

**WARNING:** By default this feature allows Kafka clients outside Kubernetes to
connect to Kafka via NodePort(s) in `PLAINTEXT`.

Please see this chart's README.md for more details and guidance.

If you wish to connect to Kafka from outside please configure your external Kafka
clients to point at the following brokers. Please allow a few minutes for all
associated resources to become healthy.
  
  my-kafka.cluster.local:31090
  my-kafka.cluster.local:31091
  my-kafka.cluster.local:31092
