*******************************************************
Wed Sep 16 11:22:37 IST 2020 non-bai deployment as default, The components for CS 3.3 in this case will only be Licensing and Metering 
Wed Sep 16 11:22:37 IST 2020 Creating Common Services V3.3 Request Operand for non-BAI deployments on OCP 3.11, 4.2+

The installation of Common Services Relase 3.3 has started...
Now using project "ibm-common-services" on server "https://c103-e.us-south.containers.cloud.ibm.com:31287".

You can add applications to this project with the 'new-app' command. For example, try:

    oc new-app django-psql-example

to build a new example application in Python. Or use kubectl to deploy a simple Kubernetes application:

    kubectl create deployment hello-node --image=gcr.io/hello-minikube-zero-install/hello-node

[1mCreate project ibm-common-services...[0m
Applying common-services operator source....
Creating Common-Services OLDM CRDs.....\x1B[0m
customresourcedefinition.apiextensions.k8s.io/operandregistries.operator.ibm.com created
customresourcedefinition.apiextensions.k8s.io/operandconfigs.operator.ibm.com created
customresourcedefinition.apiextensions.k8s.io/operandrequests.operator.ibm.com created
*******************************************************
Wed Sep 16 11:26:36 IST 2020 non-bai deployment as default, The components for CS 3.3 in this case will only be Licensing and Metering 
Wed Sep 16 11:26:36 IST 2020 Creating Common Services V3.3 Request Operand for non-BAI deployments on OCP 3.11, 4.2+

The installation of Common Services Relase 3.3 has started...
 : A Previous Installation & Project "ibm-common-services" already exists..please cleanup existing deployment and resume!!..
*******************************************************
Wed Sep 16 11:27:25 IST 2020 non-bai deployment as default, The components for CS 3.3 in this case will only be Licensing and Metering 
Wed Sep 16 11:27:25 IST 2020 Creating Common Services V3.3 Request Operand for non-BAI deployments on OCP 3.11, 4.2+

The installation of Common Services Relase 3.3 has started...
 : A Previous Installation & Project "ibm-common-services" already exists..please cleanup existing deployment and resume!!..
*******************************************************
Wed Sep 16 11:41:42 IST 2020 non-bai deployment as default, The components for CS 3.3 in this case will only be Licensing and Metering 
Wed Sep 16 11:41:42 IST 2020 Creating Common Services V3.3 Request Operand for non-BAI deployments on OCP 3.11, 4.2+

The installation of Common Services Relase 3.3 has started...
Now using project "ibm-common-services" on server "https://c103-e.us-south.containers.cloud.ibm.com:31287".

You can add applications to this project with the 'new-app' command. For example, try:

    oc new-app django-psql-example

to build a new example application in Python. Or use kubectl to deploy a simple Kubernetes application:

    kubectl create deployment hello-node --image=gcr.io/hello-minikube-zero-install/hello-node

[1mCreate project ibm-common-services...[0m
Applying common-services operator source....
Creating Common-Services OLDM CRDs.....\x1B[0m
customresourcedefinition.apiextensions.k8s.io/operandregistries.operator.ibm.com unchanged
customresourcedefinition.apiextensions.k8s.io/operandconfigs.operator.ibm.com unchanged
customresourcedefinition.apiextensions.k8s.io/operandrequests.operator.ibm.com unchanged
serviceaccount/operand-deployment-lifecycle-manager created
clusterrole.rbac.authorization.k8s.io/operand-deployment-lifecycle-manager created
clusterrolebinding.rbac.authorization.k8s.io/operand-deployment-lifecycle-manager created
Already on project "ibm-common-services" on server "https://c103-e.us-south.containers.cloud.ibm.com:31287".
Creating Common-Services operator......
deployment.apps/operand-deployment-lifecycle-manager created
Waiting for odlm deployment to complete...
Waiting for odlm deployment to complete...
Waiting for odlm deployment to complete...
Waiting for odlm deployment to complete...
Waiting for odlm deployment to complete...
Waiting for odlm deployment to complete...
Waiting for odlm deployment to complete...
Waiting for odlm deployment to complete...
Waiting for odlm deployment to complete...
Waiting for odlm deployment to complete...
Waiting for odlm deployment to complete...
Waiting for odlm deployment to complete...
Waiting for odlm deployment to complete...
Waiting for odlm deployment to complete...
Waiting for odlm deployment to complete...
Waiting for odlm deployment to complete...
Waiting for odlm deployment to complete...
Waiting for odlm deployment to complete...
Waiting for odlm deployment to complete...
Waiting for odlm deployment to complete...
Waiting for odlm deployment to complete...
Waiting for odlm deployment to complete...
Waiting for odlm deployment to complete...
Waiting for odlm deployment to complete...
Waiting for odlm deployment to complete...
Waiting for odlm deployment to complete...
Waiting for odlm deployment to complete...
Waiting for odlm deployment to complete...
Waiting for odlm deployment to complete...
Waiting for odlm deployment to complete...
Waiting for odlm deployment to complete...
Waiting for odlm deployment to complete...
Waiting for odlm deployment to complete...
Waiting for odlm deployment to complete...
Waiting for odlm deployment to complete...
Waiting for odlm deployment to complete...
Waiting for odlm deployment to complete...
Waiting for odlm deployment to complete...
Waiting for odlm deployment to complete...
Waiting for odlm deployment to complete...
Waiting for odlm deployment to complete...
Waiting for odlm deployment to complete...
Waiting for odlm deployment to complete...
Waiting for odlm deployment to complete...
Waiting for odlm deployment to complete...
Waiting for odlm deployment to complete...
Waiting for odlm deployment to complete...
Waiting for odlm deployment to complete...
Waiting for odlm deployment to complete...
Waiting for odlm deployment to complete...
Waiting for odlm deployment to complete...
Waiting for odlm deployment to complete...
Waiting for odlm deployment to complete...
Waiting for odlm deployment to complete...
Waiting for odlm deployment to complete...
Waiting for odlm deployment to complete...
Waiting for odlm deployment to complete...
Waiting for odlm deployment to complete...
Waiting for odlm deployment to complete...
Waiting for odlm deployment to complete...
Waiting for odlm deployment to complete...
Waiting for odlm deployment to complete...
Waiting for odlm deployment to complete...
Waiting for odlm deployment to complete...
Waiting for odlm deployment to complete...
Waiting for odlm deployment to complete...
Waiting for odlm deployment to complete...
Waiting for odlm deployment to complete...
Waiting for odlm deployment to complete...
Waiting for odlm deployment to complete...
Waiting for odlm deployment to complete...
Waiting for odlm deployment to complete...
Waiting for odlm deployment to complete...
Waiting for odlm deployment to complete...
Waiting for odlm deployment to complete...
Waiting for odlm deployment to complete...
Waiting for odlm deployment to complete...
Waiting for odlm deployment to complete...
Waiting for odlm deployment to complete...
Waiting for odlm deployment to complete...
Waiting for odlm deployment to complete...
Waiting for odlm deployment to complete...
Waiting for odlm deployment to complete...
Waiting for odlm deployment to complete...
Waiting for odlm deployment to complete...
Waiting for odlm deployment to complete...
Waiting for odlm deployment to complete...
Waiting for odlm deployment to complete...
Waiting for odlm deployment to complete...
Waiting for odlm deployment to complete...
Waiting for odlm deployment to complete...
Waiting for odlm deployment to complete...
Waiting for odlm deployment to complete...
Waiting for odlm deployment to complete...
Waiting for odlm deployment to complete...
Waiting for odlm deployment to complete...
Waiting for odlm deployment to complete...
Waiting for odlm deployment to complete...
Waiting for odlm deployment to complete...
Waiting for odlm deployment to complete...
Waiting for odlm deployment to complete...
Waiting for odlm deployment to complete...
Waiting for odlm deployment to complete...
Waiting for odlm deployment to complete...
Waiting for odlm deployment to complete...
Waiting for odlm deployment to complete...
Waiting for odlm deployment to complete...
Waiting for odlm deployment to complete...
Waiting for odlm deployment to complete...
Waiting for odlm deployment to complete...
Waiting for odlm deployment to complete...
Waiting for odlm deployment to complete...
Waiting for odlm deployment to complete...
Waiting for odlm deployment to complete...
Waiting for odlm deployment to complete...
Waiting for odlm deployment to complete...
Waiting for odlm deployment to complete...
Waiting for odlm deployment to complete...
Waiting for odlm deployment to complete...
Waiting for odlm deployment to complete...
